<?xml version="1.0" encoding="UTF-8"?>
<!-- Generated by org.testng.reporters.JUnitReportReporter -->
<testsuite skipped="0" hostname="DESKTOP-0O5DQ39" name="Sanity" tests="2" failures="0" timestamp="2021-11-04T10:24:01 IST" time="0.124" errors="0">
  <testcase name="t02" time="0.018" classname="Sanity"/>
  <system-out/>
  <testcase name="t01" time="0.106" classname="Sanity"/>
  <system-out/>
</testsuite> <!-- Sanity -->
