<?xml version="1.0" encoding="UTF-8"?>
<!-- Generated by org.testng.reporters.JUnitReportReporter -->
<testsuite skipped="0" hostname="DESKTOP-0O5DQ39" name="Sanity" tests="2" failures="0" timestamp="2021-11-04T10:35:51 IST" time="0.120" errors="0">
  <testcase name="t01" time="0.119" classname="Sanity"/>
  <system-out/>
  <testcase name="t02" time="0.001" classname="Sanity"/>
  <system-out/>
</testsuite> <!-- Sanity -->
